2011-01-17 11:28:25 Notice: Notice (1024): Please change the value of 'Security.salt' in app/config/core.php to a salt value specific to your application in [/var/www/vhosts/psrdatamanagement.atnf.csiro.au/htdocs/cake_1_3/cake/libs/debugger.php, line 684]
2011-01-17 11:28:25 Notice: Notice (1024): Please change the value of 'Security.cipherSeed' in app/config/core.php to a numeric (digits only) seed value specific to your application in [/var/www/vhosts/psrdatamanagement.atnf.csiro.au/htdocs/cake_1_3/cake/libs/debugger.php, line 688]
2011-01-17 11:32:32 Notice: Notice (1024): Please change the value of 'Security.salt' in app/config/core.php to a salt value specific to your application in [/var/www/vhosts/psrdatamanagement.atnf.csiro.au/htdocs/cake_1_3/cake/libs/debugger.php, line 684]
2011-01-17 11:32:32 Notice: Notice (1024): Please change the value of 'Security.cipherSeed' in app/config/core.php to a numeric (digits only) seed value specific to your application in [/var/www/vhosts/psrdatamanagement.atnf.csiro.au/htdocs/cake_1_3/cake/libs/debugger.php, line 688]
2011-01-17 11:33:15 Notice: Notice (1024): Please change the value of 'Security.salt' in app/config/core.php to a salt value specific to your application in [/var/www/vhosts/psrdatamanagement.atnf.csiro.au/htdocs/cake_1_3/cake/libs/debugger.php, line 684]
2011-01-17 11:33:15 Notice: Notice (1024): Please change the value of 'Security.cipherSeed' in app/config/core.php to a numeric (digits only) seed value specific to your application in [/var/www/vhosts/psrdatamanagement.atnf.csiro.au/htdocs/cake_1_3/cake/libs/debugger.php, line 688]
2011-01-17 11:33:38 Notice: Notice (1024): Please change the value of 'Security.salt' in app/config/core.php to a salt value specific to your application in [/var/www/vhosts/psrdatamanagement.atnf.csiro.au/htdocs/cake_1_3/cake/libs/debugger.php, line 684]
2011-01-17 11:33:38 Notice: Notice (1024): Please change the value of 'Security.cipherSeed' in app/config/core.php to a numeric (digits only) seed value specific to your application in [/var/www/vhosts/psrdatamanagement.atnf.csiro.au/htdocs/cake_1_3/cake/libs/debugger.php, line 688]
2011-01-17 11:41:15 Notice: Notice (1024): Please change the value of 'Security.salt' in app/config/core.php to a salt value specific to your application in [/var/www/vhosts/psrdatamanagement.atnf.csiro.au/htdocs/cake_1_3/cake/libs/debugger.php, line 684]
2011-01-17 11:41:15 Notice: Notice (1024): Please change the value of 'Security.cipherSeed' in app/config/core.php to a numeric (digits only) seed value specific to your application in [/var/www/vhosts/psrdatamanagement.atnf.csiro.au/htdocs/cake_1_3/cake/libs/debugger.php, line 688]
2011-01-17 11:41:36 Notice: Notice (1024): Please change the value of 'Security.salt' in app/config/core.php to a salt value specific to your application in [/var/www/vhosts/psrdatamanagement.atnf.csiro.au/htdocs/cake_1_3/cake/libs/debugger.php, line 684]
2011-01-17 11:41:36 Notice: Notice (1024): Please change the value of 'Security.cipherSeed' in app/config/core.php to a numeric (digits only) seed value specific to your application in [/var/www/vhosts/psrdatamanagement.atnf.csiro.au/htdocs/cake_1_3/cake/libs/debugger.php, line 688]
2011-01-17 12:05:24 Notice: Notice (1024): Please change the value of 'Security.salt' in app/config/core.php to a salt value specific to your application in [/var/www/vhosts/psrdatamanagement.atnf.csiro.au/htdocs/cake_1_3/cake/libs/debugger.php, line 684]
2011-01-17 12:05:24 Notice: Notice (1024): Please change the value of 'Security.cipherSeed' in app/config/core.php to a numeric (digits only) seed value specific to your application in [/var/www/vhosts/psrdatamanagement.atnf.csiro.au/htdocs/cake_1_3/cake/libs/debugger.php, line 688]
2011-01-17 12:09:47 Notice: Notice (1024): Please change the value of 'Security.salt' in app/config/core.php to a salt value specific to your application in [/var/www/vhosts/psrdatamanagement.atnf.csiro.au/htdocs/cake_1_3/cake/libs/debugger.php, line 684]
2011-01-17 12:09:47 Notice: Notice (1024): Please change the value of 'Security.cipherSeed' in app/config/core.php to a numeric (digits only) seed value specific to your application in [/var/www/vhosts/psrdatamanagement.atnf.csiro.au/htdocs/cake_1_3/cake/libs/debugger.php, line 688]
2011-01-17 12:14:34 Notice: Notice (1024): Please change the value of 'Security.salt' in app/config/core.php to a salt value specific to your application in [/var/www/vhosts/psrdatamanagement.atnf.csiro.au/htdocs/cake_1_3/cake/libs/debugger.php, line 684]
2011-01-17 12:14:34 Notice: Notice (1024): Please change the value of 'Security.cipherSeed' in app/config/core.php to a numeric (digits only) seed value specific to your application in [/var/www/vhosts/psrdatamanagement.atnf.csiro.au/htdocs/cake_1_3/cake/libs/debugger.php, line 688]
2011-01-17 12:17:02 Notice: Notice (1024): Please change the value of 'Security.salt' in app/config/core.php to a salt value specific to your application in [/var/www/vhosts/psrdatamanagement.atnf.csiro.au/htdocs/cake_1_3/cake/libs/debugger.php, line 684]
2011-01-17 12:17:02 Notice: Notice (1024): Please change the value of 'Security.cipherSeed' in app/config/core.php to a numeric (digits only) seed value specific to your application in [/var/www/vhosts/psrdatamanagement.atnf.csiro.au/htdocs/cake_1_3/cake/libs/debugger.php, line 688]
2011-01-17 12:21:20 Notice: Notice (1024): Please change the value of 'Security.salt' in app/config/core.php to a salt value specific to your application in [/var/www/vhosts/psrdatamanagement.atnf.csiro.au/htdocs/cake_1_3/cake/libs/debugger.php, line 684]
2011-01-17 12:21:20 Notice: Notice (1024): Please change the value of 'Security.cipherSeed' in app/config/core.php to a numeric (digits only) seed value specific to your application in [/var/www/vhosts/psrdatamanagement.atnf.csiro.au/htdocs/cake_1_3/cake/libs/debugger.php, line 688]
2011-01-17 13:37:51 Notice: Notice (8): Undefined property: MembersController::$Post in [/var/www/vhosts/psrdatamanagement.atnf.csiro.au/htdocs/cake_1_3/app/controllers/members_controller.php, line 8]
2011-01-17 14:09:09 Notice: Notice (1024): Please change the value of 'Security.salt' in app/config/core.php to a salt value specific to your application in [/var/www/vhosts/psrdatamanagement.atnf.csiro.au/htdocs/cake_1_3/cake/libs/debugger.php, line 684]
2011-01-17 14:09:09 Notice: Notice (1024): Please change the value of 'Security.cipherSeed' in app/config/core.php to a numeric (digits only) seed value specific to your application in [/var/www/vhosts/psrdatamanagement.atnf.csiro.au/htdocs/cake_1_3/cake/libs/debugger.php, line 688]
2011-01-17 14:30:05 Notice: Notice (1024): Please change the value of 'Security.salt' in app/config/core.php to a salt value specific to your application in [/var/www/vhosts/psrdatamanagement.atnf.csiro.au/htdocs/cake_1_3/cake/libs/debugger.php, line 684]
2011-01-17 14:30:05 Notice: Notice (1024): Please change the value of 'Security.cipherSeed' in app/config/core.php to a numeric (digits only) seed value specific to your application in [/var/www/vhosts/psrdatamanagement.atnf.csiro.au/htdocs/cake_1_3/cake/libs/debugger.php, line 688]
2011-01-17 15:34:17 Notice: Notice (8): Undefined index:  action in [/var/www/vhosts/psrdatamanagement.atnf.csiro.au/htdocs/cake_1_3/cake/dispatcher.php, line 269]
2011-01-17 15:34:17 Notice: Notice (8): Undefined index:  controller in [/var/www/vhosts/psrdatamanagement.atnf.csiro.au/htdocs/cake_1_3/cake/dispatcher.php, line 121]
2011-01-17 15:34:42 Notice: Notice (8): Undefined index:  action in [/var/www/vhosts/psrdatamanagement.atnf.csiro.au/htdocs/cake_1_3/cake/dispatcher.php, line 269]
2011-01-17 15:34:42 Notice: Notice (8): Undefined index:  controller in [/var/www/vhosts/psrdatamanagement.atnf.csiro.au/htdocs/cake_1_3/cake/dispatcher.php, line 121]
2011-01-17 15:59:10 Notice: Notice (8): Undefined variable: pipeline_status in [/var/www/vhosts/psrdatamanagement.atnf.csiro.au/htdocs/cake_1_3/app/views/monitor/index.ctp, line 11]
2011-01-17 16:03:58 Notice: Notice (8): Undefined variable: pipeline_status in [/var/www/vhosts/psrdatamanagement.atnf.csiro.au/htdocs/cake_1_3/app/views/monitor/index.ctp, line 11]
2011-01-17 16:08:33 Notice: Notice (8): Undefined variable: pipeline_status in [/var/www/vhosts/psrdatamanagement.atnf.csiro.au/htdocs/cake_1_3/app/views/monitor/index.ctp, line 11]
2011-01-17 16:08:54 Notice: Notice (8): Undefined variable: pipeline_status in [/var/www/vhosts/psrdatamanagement.atnf.csiro.au/htdocs/cake_1_3/app/views/monitor/index.ctp, line 11]
2011-01-17 16:10:15 Notice: Notice (8): Undefined variable: pipeline_status in [/var/www/vhosts/psrdatamanagement.atnf.csiro.au/htdocs/cake_1_3/app/views/monitor/index.ctp, line 11]
2011-01-17 16:10:43 Notice: Notice (8): Undefined variable: pipeline_status in [/var/www/vhosts/psrdatamanagement.atnf.csiro.au/htdocs/cake_1_3/app/views/monitor/index.ctp, line 11]
2011-01-17 16:10:47 Notice: Notice (8): Undefined variable: pipeline_status in [/var/www/vhosts/psrdatamanagement.atnf.csiro.au/htdocs/cake_1_3/app/views/monitor/index.ctp, line 11]
2011-01-17 16:10:50 Notice: Notice (8): Undefined variable: pipeline_status in [/var/www/vhosts/psrdatamanagement.atnf.csiro.au/htdocs/cake_1_3/app/views/monitor/index.ctp, line 11]
2011-01-17 16:11:05 Notice: Notice (8): Undefined variable: pipeline_status in [/var/www/vhosts/psrdatamanagement.atnf.csiro.au/htdocs/cake_1_3/app/views/monitor/index.ctp, line 11]
2011-01-17 16:14:58 Notice: Notice (8): Undefined variable: pipeline_status in [/var/www/vhosts/psrdatamanagement.atnf.csiro.au/htdocs/cake_1_3/app/views/monitor/index.ctp, line 11]
2011-01-17 16:17:26 Notice: Notice (8): Undefined variable: pipeline_status in [/var/www/vhosts/psrdatamanagement.atnf.csiro.au/htdocs/cake_1_3/app/views/monitor/index.ctp, line 11]
2011-01-17 16:17:41 Notice: Notice (8): Undefined variable: pipeline_status in [/var/www/vhosts/psrdatamanagement.atnf.csiro.au/htdocs/cake_1_3/app/views/monitor/index.ctp, line 11]
2011-01-17 16:19:11 Notice: Notice (8): Undefined variable: pipeline_status in [/var/www/vhosts/psrdatamanagement.atnf.csiro.au/htdocs/cake_1_3/app/views/monitor/index.ctp, line 11]
2011-01-17 16:19:35 Notice: Notice (8): Undefined offset:  0 in [/var/www/vhosts/psrdatamanagement.atnf.csiro.au/htdocs/cake_1_3/app/views/monitor/index.ctp, line 11]
2011-01-17 16:20:04 Notice: Notice (8): Undefined offset:  0 in [/var/www/vhosts/psrdatamanagement.atnf.csiro.au/htdocs/cake_1_3/app/views/monitor/index.ctp, line 11]
2011-01-17 16:26:02 Notice: Notice (8): Undefined variable: javascript in [/var/www/vhosts/psrdatamanagement.atnf.csiro.au/htdocs/cake_1_3/app/views/layouts/default.ctp, line 55]
2011-01-17 16:27:26 Notice: Notice (8): Undefined variable: scripts_for_layout in [/var/www/vhosts/psrdatamanagement.atnf.csiro.au/htdocs/cake_1_3/app/views/monitor/index.ctp, line 3]
2011-01-17 16:27:26 Notice: Notice (8): Undefined variable: javascript in [/var/www/vhosts/psrdatamanagement.atnf.csiro.au/htdocs/cake_1_3/app/views/layouts/default.ctp, line 55]
2011-01-17 16:28:11 Notice: Notice (8): Undefined variable: scripts_for_layout in [/var/www/vhosts/psrdatamanagement.atnf.csiro.au/htdocs/cake_1_3/app/views/monitor/index.ctp, line 4]
2011-01-17 16:28:11 Notice: Notice (8): Undefined variable: javascript in [/var/www/vhosts/psrdatamanagement.atnf.csiro.au/htdocs/cake_1_3/app/views/layouts/default.ctp, line 55]
2011-01-17 16:30:29 Notice: Notice (8): Undefined variable: scripts_for_layout in [/var/www/vhosts/psrdatamanagement.atnf.csiro.au/htdocs/cake_1_3/app/views/monitor/index.ctp, line 4]
2011-01-17 16:34:42 Notice: Notice (8): Undefined variable: javascript in [/var/www/vhosts/psrdatamanagement.atnf.csiro.au/htdocs/cake_1_3/app/views/layouts/default.ctp, line 58]
2011-01-17 16:35:18 Notice: Notice (8): Undefined variable: javascript in [/var/www/vhosts/psrdatamanagement.atnf.csiro.au/htdocs/cake_1_3/app/views/layouts/default.ctp, line 58]
2011-01-17 16:50:44 Notice: Notice (8): Undefined variable: posts in [/var/www/vhosts/psrdatamanagement.atnf.csiro.au/htdocs/cake_1_3/app/views/posts/index.ctp, line 15]
2011-01-17 16:53:38 Notice: Notice (8): Undefined property: View::$Js in [/var/www/vhosts/psrdatamanagement.atnf.csiro.au/htdocs/cake_1_3/app/views/layouts/default.ctp, line 54]
2011-01-17 16:54:31 Notice: Notice (8): Undefined property: View::$Js in [/var/www/vhosts/psrdatamanagement.atnf.csiro.au/htdocs/cake_1_3/app/views/layouts/default.ctp, line 54]
2011-01-17 17:03:44 Notice: Notice (8): Undefined variable: config in [/var/www/vhosts/psrdatamanagement.atnf.csiro.au/htdocs/cake_1_3/app/views/monitor/index.ctp, line 17]
2011-01-17 17:04:03 Notice: Notice (8): Undefined variable: config in [/var/www/vhosts/psrdatamanagement.atnf.csiro.au/htdocs/cake_1_3/app/views/monitor/index.ctp, line 17]
2011-01-17 17:04:41 Notice: Notice (8): Undefined index:  Monitor in [/var/www/vhosts/psrdatamanagement.atnf.csiro.au/htdocs/cake_1_3/app/views/monitor/index.ctp, line 17]
2011-01-17 17:04:41 Notice: Notice (8): Undefined index:  Monitor in [/var/www/vhosts/psrdatamanagement.atnf.csiro.au/htdocs/cake_1_3/app/views/monitor/index.ctp, line 20]
2011-01-17 17:04:55 Notice: Notice (8): Undefined index:  Monitor in [/var/www/vhosts/psrdatamanagement.atnf.csiro.au/htdocs/cake_1_3/app/views/monitor/index.ctp, line 17]
2011-01-17 17:04:55 Notice: Notice (8): Undefined index:  Monitor in [/var/www/vhosts/psrdatamanagement.atnf.csiro.au/htdocs/cake_1_3/app/views/monitor/index.ctp, line 20]
2011-01-17 17:05:25 Notice: Notice (8): Undefined index:  Monitor in [/var/www/vhosts/psrdatamanagement.atnf.csiro.au/htdocs/cake_1_3/app/views/monitor/index.ctp, line 20]
